<?xml version="1.0" encoding="UTF-8"?>
<!-- Generated by org.testng.reporters.JUnitReportReporter -->
<testsuite hostname="DESKTOP-24DNO7V" failures="0" tests="1" name="com.pageTestNG.NewPageClass" time="5.369" errors="0" timestamp="2021-11-08T22:08:13 EST" skipped="0">
  <testcase classname="com.pageTestNG.NewPageClass" name="f" time="5.369"/>
  <system-out/>
</testsuite> <!-- com.pageTestNG.NewPageClass -->
