<?xml version="1.0" encoding="UTF-8"?>
<!-- Generated by org.testng.reporters.JUnitReportReporter -->
<testsuite hostname="DESKTOP-24DNO7V" failures="0" tests="1" name="com.pageTestNG.AmzonFunction" time="7.874" errors="0" timestamp="2021-11-08T22:52:31 EST" skipped="0">
  <testcase classname="com.pageTestNG.AmzonFunction" name="f" time="7.874"/>
  <system-out/>
</testsuite> <!-- com.pageTestNG.AmzonFunction -->
