<?xml version="1.0" encoding="UTF-8"?>
<!-- Generated by org.testng.reporters.JUnitReportReporter -->
<testsuite hostname="DESKTOP-24DNO7V" failures="0" tests="2" name="PageObjectClass.AmzonFunction" time="6.648" errors="0" timestamp="2021-11-09T09:07:47 EST" skipped="0">
  <testcase classname="PageObjectClass.AmzonFunction" name="f" time="6.461"/>
  <system-out/>
  <testcase classname="PageObjectClass.AmzonFunction" name="Registry1" time="0.187"/>
  <system-out/>
</testsuite> <!-- PageObjectClass.AmzonFunction -->
