<?xml version="1.0" encoding="UTF-8"?>
<!-- Generated by org.testng.reporters.JUnitReportReporter -->
<testsuite hostname="DESKTOP-24DNO7V" failures="0" tests="1" name="comTestNG.EdgeChromeFirfox" time="0.014" errors="0" timestamp="2021-11-07T12:10:11 EST" skipped="0">
  <testcase classname="comTestNG.EdgeChromeFirfox" name="f" time="0.014"/>
  <system-out/>
</testsuite> <!-- comTestNG.EdgeChromeFirfox -->
