<?xml version="1.0" encoding="UTF-8"?>
<!-- Generated by org.testng.reporters.JUnitReportReporter -->
<testsuite hostname="DESKTOP-24DNO7V" failures="0" tests="1" name="com.SelenuimpPractice.NewTest" time="0.011" errors="0" timestamp="2021-11-03T16:17:10 EDT" skipped="0">
  <testcase classname="com.SelenuimpPractice.NewTest" name="f" time="0.011"/>
  <system-out/>
</testsuite> <!-- com.SelenuimpPractice.NewTest -->
