<?xml version="1.0" encoding="UTF-8"?>
<!-- Generated by org.testng.reporters.JUnitReportReporter -->
<testsuite hostname="DESKTOP-24DNO7V" failures="0" tests="1" name="com.page.AmzonFunction" time="11.569" errors="0" timestamp="2021-11-04T09:06:43 EDT" skipped="0">
  <testcase classname="com.page.AmzonFunction" name="f" time="11.569"/>
  <system-out/>
</testsuite> <!-- com.page.AmzonFunction -->
